[27-Apr-2023 21:28:45 UTC] PHP Warning:  Array to string conversion in /Users/jane_kost/Local Sites/hounter/app/public/wp-content/themes/hounter/header.php on line 63
[27-Apr-2023 21:28:45 UTC] PHP Warning:  Array to string conversion in /Users/jane_kost/Local Sites/hounter/app/public/wp-content/themes/hounter/header.php on line 63
[27-Apr-2023 21:28:45 UTC] PHP Warning:  Array to string conversion in /Users/jane_kost/Local Sites/hounter/app/public/wp-content/themes/hounter/header.php on line 63
[27-Apr-2023 21:28:45 UTC] PHP Warning:  Array to string conversion in /Users/jane_kost/Local Sites/hounter/app/public/wp-content/themes/hounter/header.php on line 63
[28-Apr-2023 21:52:39 UTC] PHP Parse error:  syntax error, unexpected token "<", expecting end of file in /Users/jane_kost/Local Sites/hounter/app/public/wp-content/uploads/bws-custom-code/bws-custom-code.php on line 6
[28-Apr-2023 21:52:52 UTC] PHP Parse error:  syntax error, unexpected token "<", expecting end of file in /Users/jane_kost/Local Sites/hounter/app/public/wp-content/uploads/bws-custom-code/bws-custom-code.php on line 6
[28-Apr-2023 21:52:53 UTC] PHP Parse error:  syntax error, unexpected token "<", expecting end of file in /Users/jane_kost/Local Sites/hounter/app/public/wp-content/uploads/bws-custom-code/bws-custom-code.php on line 6
[28-Apr-2023 21:52:55 UTC] PHP Parse error:  syntax error, unexpected token "<", expecting end of file in /Users/jane_kost/Local Sites/hounter/app/public/wp-content/uploads/bws-custom-code/bws-custom-code.php on line 6
[28-Apr-2023 21:52:56 UTC] PHP Parse error:  syntax error, unexpected token "<", expecting end of file in /Users/jane_kost/Local Sites/hounter/app/public/wp-content/uploads/bws-custom-code/bws-custom-code.php on line 6
[28-Apr-2023 21:53:27 UTC] PHP Parse error:  syntax error, unexpected token "<", expecting end of file in /Users/jane_kost/Local Sites/hounter/app/public/wp-content/uploads/bws-custom-code/bws-custom-code.php on line 6
[28-Apr-2023 21:53:30 UTC] PHP Parse error:  syntax error, unexpected token "<", expecting end of file in /Users/jane_kost/Local Sites/hounter/app/public/wp-content/uploads/bws-custom-code/bws-custom-code.php on line 6
[29-Apr-2023 16:35:59 UTC] PHP Fatal error:  Uncaught Error: Undefined constant "Nextend\SmartSlider3\Platform\WordPress\Shortcode\NONCE_SALT" in /Users/jane_kost/Local Sites/hounter/app/public/wp-content/plugins/nextend-smart-slider3-pro/Nextend/SmartSlider3/Platform/WordPress/Shortcode/Shortcode.php:248
Stack trace:
#0 /Users/jane_kost/Local Sites/hounter/app/public/wp-content/plugins/nextend-smart-slider3-pro/Nextend/SmartSlider3/Platform/WordPress/Integration/Gutenberg/Gutenberg.php(55): Nextend\SmartSlider3\Platform\WordPress\Shortcode\Shortcode::renderIframe('{{{slider}}}')
#1 /Users/jane_kost/Local Sites/hounter/app/public/wp-includes/class-wp-hook.php(308): Nextend\SmartSlider3\Platform\WordPress\Integration\Gutenberg\Gutenberg->enqueue_block_editor_assets('')
#2 /Users/jane_kost/Local Sites/hounter/app/public/wp-includes/class-wp-hook.php(332): WP_Hook->apply_filters(NULL, Array)
#3 /Users/jane_kost/Local Sites/hounter/app/public/wp-includes/plugin.php(517): WP_Hook->do_action(Array)
#4 /Users/jane_kost/Local Sites/hounter/app/public/wp-admin/edit-form-blocks.php(272): do_action('enqueue_block_e...')
#5 /Users/jane_kost/Local Sites/hounter/app/public/wp-admin/post.php(187): require('/Users/jane_kos...')
#6 {main}
  thrown in /Users/jane_kost/Local Sites/hounter/app/public/wp-content/plugins/nextend-smart-slider3-pro/Nextend/SmartSlider3/Platform/WordPress/Shortcode/Shortcode.php on line 248
[29-Apr-2023 16:36:09 UTC] PHP Fatal error:  Uncaught Error: Undefined constant "Nextend\SmartSlider3\Platform\WordPress\Shortcode\NONCE_SALT" in /Users/jane_kost/Local Sites/hounter/app/public/wp-content/plugins/nextend-smart-slider3-pro/Nextend/SmartSlider3/Platform/WordPress/Shortcode/Shortcode.php:248
Stack trace:
#0 /Users/jane_kost/Local Sites/hounter/app/public/wp-content/plugins/nextend-smart-slider3-pro/Nextend/SmartSlider3/Platform/WordPress/Integration/Gutenberg/Gutenberg.php(55): Nextend\SmartSlider3\Platform\WordPress\Shortcode\Shortcode::renderIframe('{{{slider}}}')
#1 /Users/jane_kost/Local Sites/hounter/app/public/wp-includes/class-wp-hook.php(308): Nextend\SmartSlider3\Platform\WordPress\Integration\Gutenberg\Gutenberg->enqueue_block_editor_assets('')
#2 /Users/jane_kost/Local Sites/hounter/app/public/wp-includes/class-wp-hook.php(332): WP_Hook->apply_filters(NULL, Array)
#3 /Users/jane_kost/Local Sites/hounter/app/public/wp-includes/plugin.php(517): WP_Hook->do_action(Array)
#4 /Users/jane_kost/Local Sites/hounter/app/public/wp-admin/edit-form-blocks.php(272): do_action('enqueue_block_e...')
#5 /Users/jane_kost/Local Sites/hounter/app/public/wp-admin/post.php(187): require('/Users/jane_kos...')
#6 {main}
  thrown in /Users/jane_kost/Local Sites/hounter/app/public/wp-content/plugins/nextend-smart-slider3-pro/Nextend/SmartSlider3/Platform/WordPress/Shortcode/Shortcode.php on line 248
[29-Apr-2023 20:59:34 UTC] PHP Fatal error:  Uncaught Error: Undefined constant "Nextend\SmartSlider3\Platform\WordPress\Shortcode\NONCE_SALT" in /Users/jane_kost/Local Sites/hounter/app/public/wp-content/plugins/nextend-smart-slider3-pro/Nextend/SmartSlider3/Platform/WordPress/Shortcode/Shortcode.php:248
Stack trace:
#0 /Users/jane_kost/Local Sites/hounter/app/public/wp-content/plugins/nextend-smart-slider3-pro/Nextend/SmartSlider3/Platform/WordPress/Integration/Gutenberg/Gutenberg.php(55): Nextend\SmartSlider3\Platform\WordPress\Shortcode\Shortcode::renderIframe('{{{slider}}}')
#1 /Users/jane_kost/Local Sites/hounter/app/public/wp-includes/class-wp-hook.php(308): Nextend\SmartSlider3\Platform\WordPress\Integration\Gutenberg\Gutenberg->enqueue_block_editor_assets('')
#2 /Users/jane_kost/Local Sites/hounter/app/public/wp-includes/class-wp-hook.php(332): WP_Hook->apply_filters(NULL, Array)
#3 /Users/jane_kost/Local Sites/hounter/app/public/wp-includes/plugin.php(517): WP_Hook->do_action(Array)
#4 /Users/jane_kost/Local Sites/hounter/app/public/wp-admin/edit-form-blocks.php(272): do_action('enqueue_block_e...')
#5 /Users/jane_kost/Local Sites/hounter/app/public/wp-admin/post.php(187): require('/Users/jane_kos...')
#6 {main}
  thrown in /Users/jane_kost/Local Sites/hounter/app/public/wp-content/plugins/nextend-smart-slider3-pro/Nextend/SmartSlider3/Platform/WordPress/Shortcode/Shortcode.php on line 248
[01-May-2023 17:55:01 UTC] PHP Warning:  Trying to access array offset on value of type int in /Users/jane_kost/Local Sites/hounter/app/public/wp-content/themes/hounter/page-homepage.php on line 151
[01-May-2023 17:55:01 UTC] PHP Warning:  Trying to access array offset on value of type int in /Users/jane_kost/Local Sites/hounter/app/public/wp-content/themes/hounter/page-homepage.php on line 151
[01-May-2023 17:55:40 UTC] PHP Warning:  Trying to access array offset on value of type int in /Users/jane_kost/Local Sites/hounter/app/public/wp-content/themes/hounter/page-homepage.php on line 151
[01-May-2023 17:55:40 UTC] PHP Warning:  Trying to access array offset on value of type int in /Users/jane_kost/Local Sites/hounter/app/public/wp-content/themes/hounter/page-homepage.php on line 151
[01-May-2023 17:56:08 UTC] PHP Warning:  Trying to access array offset on value of type int in /Users/jane_kost/Local Sites/hounter/app/public/wp-content/themes/hounter/page-homepage.php on line 151
[01-May-2023 17:56:08 UTC] PHP Warning:  Trying to access array offset on value of type int in /Users/jane_kost/Local Sites/hounter/app/public/wp-content/themes/hounter/page-homepage.php on line 151
[01-May-2023 17:56:58 UTC] PHP Warning:  Trying to access array offset on value of type int in /Users/jane_kost/Local Sites/hounter/app/public/wp-content/themes/hounter/page-homepage.php on line 151
[01-May-2023 17:56:58 UTC] PHP Warning:  Trying to access array offset on value of type int in /Users/jane_kost/Local Sites/hounter/app/public/wp-content/themes/hounter/page-homepage.php on line 151
[01-May-2023 17:57:48 UTC] PHP Warning:  Trying to access array offset on value of type int in /Users/jane_kost/Local Sites/hounter/app/public/wp-content/themes/hounter/page-homepage.php on line 151
[01-May-2023 17:57:48 UTC] PHP Warning:  Trying to access array offset on value of type int in /Users/jane_kost/Local Sites/hounter/app/public/wp-content/themes/hounter/page-homepage.php on line 151
[01-May-2023 17:58:53 UTC] PHP Fatal error:  Uncaught TypeError: Cannot access offset of type string on string in /Users/jane_kost/Local Sites/hounter/app/public/wp-content/themes/hounter/page-homepage.php:151
Stack trace:
#0 /Users/jane_kost/Local Sites/hounter/app/public/wp-includes/template-loader.php(106): include()
#1 /Users/jane_kost/Local Sites/hounter/app/public/wp-blog-header.php(19): require_once('/Users/jane_kos...')
#2 /Users/jane_kost/Local Sites/hounter/app/public/index.php(17): require('/Users/jane_kos...')
#3 {main}
  thrown in /Users/jane_kost/Local Sites/hounter/app/public/wp-content/themes/hounter/page-homepage.php on line 151
