[26-Apr-2023 14:18:41] NOTICE: fpm is running, pid 54832
[26-Apr-2023 14:18:41] NOTICE: ready to handle connections
[29-Apr-2023 19:53:01] NOTICE: Terminating ...
[29-Apr-2023 19:53:01] NOTICE: Terminating ...
[29-Apr-2023 19:53:01] NOTICE: exiting, bye-bye!
[29-Apr-2023 22:48:26] NOTICE: fpm is running, pid 1339
[29-Apr-2023 22:48:26] NOTICE: ready to handle connections
[01-May-2023 13:36:43] NOTICE: Terminating ...
[01-May-2023 13:36:43] NOTICE: Terminating ...
[01-May-2023 13:36:43] NOTICE: exiting, bye-bye!
[01-May-2023 13:37:10] NOTICE: fpm is running, pid 17462
[01-May-2023 13:37:10] NOTICE: ready to handle connections
[01-May-2023 15:54:55] NOTICE: fpm is running, pid 730
[01-May-2023 15:54:55] NOTICE: ready to handle connections
[03-May-2023 00:05:59] NOTICE: fpm is running, pid 865
[03-May-2023 00:05:59] NOTICE: ready to handle connections
[03-May-2023 00:06:24] NOTICE: Terminating ...
[03-May-2023 00:06:24] NOTICE: Terminating ...
[03-May-2023 00:06:24] NOTICE: exiting, bye-bye!
[03-May-2023 00:06:25] NOTICE: fpm is running, pid 1009
[03-May-2023 00:06:25] NOTICE: ready to handle connections
[03-May-2023 00:09:16] NOTICE: Terminating ...
[03-May-2023 00:09:16] NOTICE: Terminating ...
[03-May-2023 00:09:16] NOTICE: exiting, bye-bye!
[03-May-2023 00:09:22] NOTICE: fpm is running, pid 1285
[03-May-2023 00:09:22] NOTICE: ready to handle connections
[03-May-2023 00:09:47] NOTICE: Terminating ...
[03-May-2023 00:09:47] NOTICE: Terminating ...
[03-May-2023 00:09:47] NOTICE: exiting, bye-bye!
[03-May-2023 00:09:48] NOTICE: fpm is running, pid 1368
[03-May-2023 00:09:48] NOTICE: ready to handle connections
[03-May-2023 00:11:22] NOTICE: Terminating ...
[03-May-2023 00:11:22] NOTICE: Terminating ...
[03-May-2023 00:11:22] NOTICE: exiting, bye-bye!
[03-May-2023 00:16:16] NOTICE: fpm is running, pid 1616
[03-May-2023 00:16:16] NOTICE: ready to handle connections
[03-May-2023 00:17:22] NOTICE: Terminating ...
[03-May-2023 00:17:22] NOTICE: Terminating ...
[03-May-2023 00:17:22] NOTICE: exiting, bye-bye!
[03-May-2023 00:17:24] NOTICE: fpm is running, pid 1754
[03-May-2023 00:17:24] NOTICE: ready to handle connections
[03-May-2023 00:23:31] NOTICE: fpm is running, pid 759
[03-May-2023 00:23:31] NOTICE: ready to handle connections
[03-May-2023 19:41:18] NOTICE: fpm is running, pid 777
[03-May-2023 19:41:18] NOTICE: ready to handle connections
[03-May-2023 20:52:26] NOTICE: Terminating ...
[03-May-2023 20:52:26] NOTICE: Terminating ...
[03-May-2023 20:52:26] NOTICE: exiting, bye-bye!
[03-May-2023 20:52:34] NOTICE: fpm is running, pid 2363
[03-May-2023 20:52:34] NOTICE: ready to handle connections
[05-May-2023 19:03:04] NOTICE: fpm is running, pid 1271
[05-May-2023 19:03:04] NOTICE: ready to handle connections
